<?xml version="1.0" encoding="UTF-8"?>
<!-- Generated by org.testng.reporters.JUnitReportReporter -->
<testsuite hostname="Manish" failures="0" tests="1" name="com.actime.testscript.CustmerModule" time="16.270" errors="0" timestamp="2023-03-29T23:55:43 IST" skipped="0">
  <testcase classname="com.actime.testscript.CustmerModule" name="testCreateCustomer" time="16.270"/>
  <system-out>
    <![CDATA[CtreateCustomer]]>
  </system-out>
</testsuite> <!-- com.actime.testscript.CustmerModule -->
